[2022-06-01T10:47:06.799] [DEBUG] cheese - login => username:zs,password:123456
[2022-06-01T10:47:06.809] [DEBUG] cheese - zs
[2022-06-01T10:47:06.837] [DEBUG] cheese - null
[2022-06-01T10:47:06.839] [DEBUG] cheese - null
[2022-06-01T10:47:59.194] [DEBUG] cheese - login => username:admin,password:123456
[2022-06-01T10:47:59.195] [DEBUG] cheese - admin
[2022-06-01T10:47:59.209] [DEBUG] cheese - null
[2022-06-01T10:47:59.209] [DEBUG] cheese - null
[2022-06-01T19:02:14.357] [DEBUG] cheese - login => username:admin,password:123456
[2022-06-01T19:02:14.361] [DEBUG] cheese - admin
[2022-06-01T19:02:14.396] [DEBUG] cheese - null
[2022-06-01T19:02:14.397] [DEBUG] cheese - null
[2022-06-01T19:10:45.099] [DEBUG] cheese - login => username:eewew,password:wewewqewqe
[2022-06-01T19:10:45.100] [DEBUG] cheese - eewew
[2022-06-01T19:10:45.106] [DEBUG] cheese - null
[2022-06-01T19:10:45.106] [DEBUG] cheese - null
[2022-06-01T19:10:55.177] [DEBUG] cheese - login => username:admin,password:123456
[2022-06-01T19:10:55.178] [DEBUG] cheese - admin
[2022-06-01T19:10:55.184] [DEBUG] cheese - null
[2022-06-01T19:10:55.185] [DEBUG] cheese - null
[2022-06-01T19:18:55.307] [DEBUG] cheese - login => username:admin,password:123456
[2022-06-01T19:18:55.308] [DEBUG] cheese - admin
[2022-06-01T19:18:55.316] [DEBUG] cheese - null
[2022-06-01T19:18:55.316] [DEBUG] cheese - null
[2022-06-01T19:19:49.181] [DEBUG] cheese - login => username:admin,password:123456
[2022-06-01T19:19:49.181] [DEBUG] cheese - admin
[2022-06-01T19:19:49.188] [DEBUG] cheese - null
[2022-06-01T19:19:49.189] [DEBUG] cheese - null
[2022-06-01T19:20:20.126] [DEBUG] cheese - login => username:admin,password:123456
[2022-06-01T19:20:20.126] [DEBUG] cheese - admin
[2022-06-01T19:20:20.133] [DEBUG] cheese - null
[2022-06-01T19:20:20.134] [DEBUG] cheese - null
[2022-06-01T19:20:41.912] [DEBUG] cheese - login => username:admin,password:123456
[2022-06-01T19:20:41.912] [DEBUG] cheese - admin
[2022-06-01T19:20:41.917] [DEBUG] cheese - null
[2022-06-01T19:20:41.918] [DEBUG] cheese - null
[2022-06-01T19:20:50.207] [DEBUG] cheese - login => username:admin,password:123456
[2022-06-01T19:20:50.207] [DEBUG] cheese - admin
[2022-06-01T19:20:50.215] [DEBUG] cheese - null
[2022-06-01T19:20:50.215] [DEBUG] cheese - null
[2022-06-01T19:21:09.121] [DEBUG] cheese - login => username:admin,password:123456
[2022-06-01T19:21:09.121] [DEBUG] cheese - admin
[2022-06-01T19:21:09.129] [DEBUG] cheese - null
[2022-06-01T19:21:09.129] [DEBUG] cheese - null
[2022-06-01T19:23:00.606] [DEBUG] cheese - login => username:admin,password:123456
[2022-06-01T19:23:00.607] [DEBUG] cheese - admin
[2022-06-01T19:23:00.614] [DEBUG] cheese - null
[2022-06-01T19:23:00.614] [DEBUG] cheese - null
[2022-06-01T19:33:53.240] [DEBUG] cheese - login => username:admin,password:123456
[2022-06-01T19:33:53.240] [DEBUG] cheese - admin
[2022-06-01T19:33:53.247] [DEBUG] cheese - null
[2022-06-01T19:33:53.247] [DEBUG] cheese - null
[2022-06-01T19:34:59.718] [DEBUG] cheese - login => username:admin,password:123456
[2022-06-01T19:34:59.718] [DEBUG] cheese - admin
[2022-06-01T19:34:59.724] [DEBUG] cheese - null
[2022-06-01T19:34:59.725] [DEBUG] cheese - null
[2022-06-01T19:35:14.788] [DEBUG] cheese - login => username:admin1,password:123456
[2022-06-01T19:35:14.788] [DEBUG] cheese - admin1
[2022-06-01T19:35:14.792] [DEBUG] cheese - null
[2022-06-01T19:35:14.792] [DEBUG] cheese - null
[2022-06-01T19:38:40.080] [DEBUG] cheese - login => username:admin,password:123456
[2022-06-01T19:38:40.081] [DEBUG] cheese - admin
[2022-06-01T19:38:40.088] [DEBUG] cheese - null
[2022-06-01T19:38:40.089] [DEBUG] cheese - null
[2022-06-01T19:40:28.126] [DEBUG] cheese - login => username:admin,password:123456
[2022-06-01T19:40:28.126] [DEBUG] cheese - admin
[2022-06-01T19:40:28.130] [DEBUG] cheese - null
[2022-06-01T19:40:28.130] [DEBUG] cheese - null
[2022-06-01T19:42:04.186] [DEBUG] cheese - login => username:admin1,password:123456
[2022-06-01T19:42:04.187] [DEBUG] cheese - admin1
[2022-06-01T19:42:04.195] [DEBUG] cheese - null
[2022-06-01T19:42:04.195] [DEBUG] cheese - null
[2022-06-01T19:42:10.131] [DEBUG] cheese - login => username:admin,password:123456
[2022-06-01T19:42:10.131] [DEBUG] cheese - admin
[2022-06-01T19:42:10.139] [DEBUG] cheese - null
[2022-06-01T19:42:10.139] [DEBUG] cheese - null
[2022-06-01T19:43:56.990] [DEBUG] cheese - login => username:admin,password:123456
[2022-06-01T19:43:56.990] [DEBUG] cheese - admin
[2022-06-01T19:43:56.995] [DEBUG] cheese - null
[2022-06-01T19:43:56.996] [DEBUG] cheese - null
[2022-06-01T19:49:59.373] [DEBUG] cheese - login => username:admin,password:123456
[2022-06-01T19:49:59.373] [DEBUG] cheese - admin
[2022-06-01T19:49:59.379] [DEBUG] cheese - null
[2022-06-01T19:49:59.380] [DEBUG] cheese - null
[2022-06-01T19:50:25.842] [DEBUG] cheese - login => username:admin,password:123456
[2022-06-01T19:50:25.842] [DEBUG] cheese - admin
[2022-06-01T19:50:25.852] [DEBUG] cheese - null
[2022-06-01T19:50:25.852] [DEBUG] cheese - null
[2022-06-01T20:16:15.269] [DEBUG] cheese - login => username:admin,password:123456
[2022-06-01T20:16:15.269] [DEBUG] cheese - admin
[2022-06-01T20:16:15.276] [DEBUG] cheese - null
[2022-06-01T20:16:15.276] [DEBUG] cheese - null
[2022-06-01T21:10:48.053] [DEBUG] cheese - login => username:admin,password:123456
[2022-06-01T21:10:48.053] [DEBUG] cheese - admin
[2022-06-01T21:10:48.061] [DEBUG] cheese - null
[2022-06-01T21:10:48.061] [DEBUG] cheese - null
[2022-06-01T21:14:20.740] [DEBUG] cheese - login => username:admin,password:123456
[2022-06-01T21:14:20.740] [DEBUG] cheese - admin
[2022-06-01T21:14:20.743] [DEBUG] cheese - null
[2022-06-01T21:14:20.743] [DEBUG] cheese - null
[2022-06-01T21:15:25.610] [DEBUG] cheese - login => username:admin,password:123456
[2022-06-01T21:15:25.610] [DEBUG] cheese - admin
[2022-06-01T21:15:25.615] [DEBUG] cheese - null
[2022-06-01T21:15:25.615] [DEBUG] cheese - null
[2022-06-01T21:34:47.106] [DEBUG] cheese - login => username:admin,password:123456
[2022-06-01T21:34:47.107] [DEBUG] cheese - admin
[2022-06-01T21:34:47.111] [DEBUG] cheese - null
[2022-06-01T21:34:47.111] [DEBUG] cheese - null
[2022-06-01T21:36:20.994] [DEBUG] cheese - login => username:admin,password:123456
[2022-06-01T21:36:20.994] [DEBUG] cheese - admin
[2022-06-01T21:36:20.997] [DEBUG] cheese - null
[2022-06-01T21:36:20.997] [DEBUG] cheese - null
[2022-06-01T21:54:33.849] [DEBUG] cheese - login => username:admin,password:123456
[2022-06-01T21:54:33.849] [DEBUG] cheese - admin
[2022-06-01T21:54:33.860] [DEBUG] cheese - null
[2022-06-01T21:54:33.860] [DEBUG] cheese - null
[2022-06-01T22:04:10.965] [DEBUG] cheese - login => username:admind,password:123456
[2022-06-01T22:04:10.966] [DEBUG] cheese - admind
[2022-06-01T22:04:10.971] [DEBUG] cheese - null
[2022-06-01T22:04:10.972] [DEBUG] cheese - null
[2022-06-01T22:04:14.304] [DEBUG] cheese - login => username:admin,password:123456
[2022-06-01T22:04:14.304] [DEBUG] cheese - admin
[2022-06-01T22:04:14.306] [DEBUG] cheese - null
[2022-06-01T22:04:14.306] [DEBUG] cheese - null
[2022-06-01T22:10:15.386] [DEBUG] cheese - login => username:admin,password:123456
[2022-06-01T22:10:15.387] [DEBUG] cheese - admin
[2022-06-01T22:10:15.390] [DEBUG] cheese - null
[2022-06-01T22:10:15.391] [DEBUG] cheese - null
[2022-06-01T22:12:48.566] [DEBUG] cheese - login => username:admin,password:123456
[2022-06-01T22:12:48.566] [DEBUG] cheese - admin
[2022-06-01T22:12:48.578] [DEBUG] cheese - null
[2022-06-01T22:12:48.578] [DEBUG] cheese - null
[2022-06-01T22:13:14.190] [DEBUG] cheese - login => username:admin,password:123456
[2022-06-01T22:13:14.190] [DEBUG] cheese - admin
[2022-06-01T22:13:14.193] [DEBUG] cheese - null
[2022-06-01T22:13:14.193] [DEBUG] cheese - null
[2022-06-01T22:14:12.861] [DEBUG] cheese - login => username:admin,password:123456
[2022-06-01T22:14:12.861] [DEBUG] cheese - admin
[2022-06-01T22:14:12.866] [DEBUG] cheese - null
[2022-06-01T22:14:12.867] [DEBUG] cheese - null
[2022-06-01T22:14:51.780] [DEBUG] cheese - login => username:admin,password:123456
[2022-06-01T22:14:51.780] [DEBUG] cheese - admin
[2022-06-01T22:14:51.782] [DEBUG] cheese - null
[2022-06-01T22:14:51.782] [DEBUG] cheese - null
[2022-06-02T08:30:54.694] [DEBUG] cheese - login => username:admin,password:123456
[2022-06-02T08:30:54.697] [DEBUG] cheese - admin
[2022-06-02T08:30:54.730] [DEBUG] cheese - null
[2022-06-02T08:30:54.731] [DEBUG] cheese - null
[2022-06-02T08:55:36.191] [DEBUG] cheese - login => username:admin,password:123456
[2022-06-02T08:55:36.192] [DEBUG] cheese - admin
[2022-06-02T08:55:36.201] [DEBUG] cheese - null
[2022-06-02T08:55:36.201] [DEBUG] cheese - null
[2022-06-02T10:00:11.259] [DEBUG] cheese - login => username:admin,password:123456
[2022-06-02T10:00:11.260] [DEBUG] cheese - admin
[2022-06-02T10:00:11.266] [DEBUG] cheese - null
[2022-06-02T10:00:11.266] [DEBUG] cheese - null
[2022-06-02T10:25:30.739] [DEBUG] cheese - login => username:admin,password:123456
[2022-06-02T10:25:30.740] [DEBUG] cheese - admin
[2022-06-02T10:25:30.763] [DEBUG] cheese - null
[2022-06-02T10:25:30.763] [DEBUG] cheese - null
[2022-06-02T10:45:17.023] [DEBUG] cheese - login => username:admin,password:123456
[2022-06-02T10:45:17.024] [DEBUG] cheese - admin
[2022-06-02T10:45:17.029] [DEBUG] cheese - null
[2022-06-02T10:45:17.029] [DEBUG] cheese - null
[2022-06-02T10:46:42.618] [DEBUG] cheese - login => username:admin,password:123456
[2022-06-02T10:46:42.618] [DEBUG] cheese - admin
[2022-06-02T10:46:42.622] [DEBUG] cheese - null
[2022-06-02T10:46:42.622] [DEBUG] cheese - null
[2022-06-02T10:49:13.417] [DEBUG] cheese - login => username:admin,password:123456
[2022-06-02T10:49:13.417] [DEBUG] cheese - admin
[2022-06-02T10:49:13.428] [DEBUG] cheese - null
[2022-06-02T10:49:13.428] [DEBUG] cheese - null
[2022-06-02T10:49:45.462] [DEBUG] cheese - login => username:admin2,password:123456
[2022-06-02T10:49:45.464] [DEBUG] cheese - admin2
[2022-06-02T10:49:45.470] [DEBUG] cheese - null
[2022-06-02T10:49:45.471] [DEBUG] cheese - null
[2022-06-02T10:49:48.621] [DEBUG] cheese - login => username:admin,password:123456
[2022-06-02T10:49:48.621] [DEBUG] cheese - admin
[2022-06-02T10:49:48.627] [DEBUG] cheese - null
[2022-06-02T10:49:48.627] [DEBUG] cheese - null
[2022-06-02T10:56:56.471] [DEBUG] cheese - login => username:admin,password:123456
[2022-06-02T10:56:56.471] [DEBUG] cheese - admin
[2022-06-02T10:56:56.474] [DEBUG] cheese - null
[2022-06-02T10:56:56.474] [DEBUG] cheese - null
[2022-06-02T13:55:27.323] [DEBUG] cheese - login => username:admin,password:123456
[2022-06-02T13:55:27.327] [DEBUG] cheese - admin
[2022-06-02T13:55:27.360] [DEBUG] cheese - null
[2022-06-02T13:55:27.361] [DEBUG] cheese - null
[2022-06-02T14:03:17.471] [DEBUG] cheese - login => username:admin,password:123456
[2022-06-02T14:03:17.471] [DEBUG] cheese - admin
[2022-06-02T14:03:17.479] [DEBUG] cheese - null
[2022-06-02T14:03:17.479] [DEBUG] cheese - null
[2022-06-02T14:03:42.779] [DEBUG] cheese - login => username:admin,password:123456
[2022-06-02T14:03:42.781] [DEBUG] cheese - admin
[2022-06-02T14:03:42.792] [DEBUG] cheese - null
[2022-06-02T14:03:42.793] [DEBUG] cheese - null
[2022-06-02T14:08:02.433] [DEBUG] cheese - login => username:admin,password:123456
[2022-06-02T14:08:02.433] [DEBUG] cheese - admin
[2022-06-02T14:08:02.448] [DEBUG] cheese - null
[2022-06-02T14:08:02.449] [DEBUG] cheese - null
[2022-06-02T14:13:54.535] [DEBUG] cheese - login => username:admin,password:123456
[2022-06-02T14:13:54.536] [DEBUG] cheese - admin
[2022-06-02T14:13:54.547] [DEBUG] cheese - null
[2022-06-02T14:13:54.548] [DEBUG] cheese - null
[2022-06-02T14:18:08.312] [DEBUG] cheese - login => username:admin,password:123456
[2022-06-02T14:18:08.313] [DEBUG] cheese - admin
[2022-06-02T14:18:08.321] [DEBUG] cheese - null
[2022-06-02T14:18:08.322] [DEBUG] cheese - null
[2022-06-02T14:21:00.212] [DEBUG] cheese - login => username:admin,password:123456
[2022-06-02T14:21:00.213] [DEBUG] cheese - admin
[2022-06-02T14:21:00.222] [DEBUG] cheese - null
[2022-06-02T14:21:00.224] [DEBUG] cheese - null
[2022-06-02T14:24:02.662] [DEBUG] cheese - login => username:admin,password:123456
[2022-06-02T14:24:02.663] [DEBUG] cheese - admin
[2022-06-02T14:24:02.674] [DEBUG] cheese - null
[2022-06-02T14:24:02.674] [DEBUG] cheese - null
[2022-06-02T14:24:26.162] [DEBUG] cheese - login => username:admin,password:123456
[2022-06-02T14:24:26.162] [DEBUG] cheese - admin
[2022-06-02T14:24:26.179] [DEBUG] cheese - null
[2022-06-02T14:24:26.179] [DEBUG] cheese - null
[2022-06-02T14:37:09.737] [DEBUG] cheese - login => username:admin,password:123456
[2022-06-02T14:37:09.737] [DEBUG] cheese - admin
[2022-06-02T14:37:09.750] [DEBUG] cheese - null
[2022-06-02T14:37:09.751] [DEBUG] cheese - null
[2022-06-02T15:16:42.843] [DEBUG] cheese - login => username:admin,password:123456
[2022-06-02T15:16:42.843] [DEBUG] cheese - admin
[2022-06-02T15:16:42.851] [DEBUG] cheese - null
[2022-06-02T15:16:42.851] [DEBUG] cheese - null
[2022-06-02T15:23:03.144] [DEBUG] cheese - login => username:admin,password:123456
[2022-06-02T15:23:03.145] [DEBUG] cheese - admin
[2022-06-02T15:23:03.157] [DEBUG] cheese - null
[2022-06-02T15:23:03.158] [DEBUG] cheese - null
[2022-06-02T15:25:25.568] [DEBUG] cheese - login => username:admin,password:123456
[2022-06-02T15:25:25.568] [DEBUG] cheese - admin
[2022-06-02T15:25:25.584] [DEBUG] cheese - null
[2022-06-02T15:25:25.585] [DEBUG] cheese - null
[2022-06-02T15:25:55.235] [DEBUG] cheese - login => username:admin,password:123456
[2022-06-02T15:25:55.238] [DEBUG] cheese - admin
[2022-06-02T15:25:55.261] [DEBUG] cheese - null
[2022-06-02T15:25:55.262] [DEBUG] cheese - null
[2022-06-02T15:27:14.691] [DEBUG] cheese - login => username:admin,password:123456
[2022-06-02T15:27:14.693] [DEBUG] cheese - admin
[2022-06-02T15:27:14.743] [DEBUG] cheese - null
[2022-06-02T15:27:14.744] [DEBUG] cheese - null
[2022-06-02T15:27:52.756] [DEBUG] cheese - login => username:admin,password:123456
[2022-06-02T15:27:52.757] [DEBUG] cheese - admin
[2022-06-02T15:27:52.769] [DEBUG] cheese - null
[2022-06-02T15:27:52.769] [DEBUG] cheese - null
[2022-06-02T15:28:34.751] [DEBUG] cheese - login => username:admin,password:123456
[2022-06-02T15:28:34.753] [DEBUG] cheese - admin
[2022-06-02T15:28:34.759] [DEBUG] cheese - null
[2022-06-02T15:28:34.759] [DEBUG] cheese - null
[2022-06-02T15:29:31.367] [DEBUG] cheese - login => username:admin,password:123456
[2022-06-02T15:29:31.368] [DEBUG] cheese - admin
[2022-06-02T15:29:31.380] [DEBUG] cheese - null
[2022-06-02T15:29:31.381] [DEBUG] cheese - null
[2022-06-02T15:30:31.672] [DEBUG] cheese - login => username:admin,password:123456
[2022-06-02T15:30:31.672] [DEBUG] cheese - admin
[2022-06-02T15:30:31.686] [DEBUG] cheese - null
[2022-06-02T15:30:31.687] [DEBUG] cheese - null
[2022-06-02T16:13:38.412] [DEBUG] cheese - login => username:admin,password:123456
[2022-06-02T16:13:38.413] [DEBUG] cheese - admin
[2022-06-02T16:13:38.430] [DEBUG] cheese - null
[2022-06-02T16:13:38.431] [DEBUG] cheese - null
[2022-06-02T16:15:40.474] [DEBUG] cheese - login => username:admin,password:123456
[2022-06-02T16:15:40.474] [DEBUG] cheese - admin
[2022-06-02T16:15:40.478] [DEBUG] cheese - null
[2022-06-02T16:15:40.478] [DEBUG] cheese - null
[2022-06-02T16:16:01.357] [DEBUG] cheese - login => username:admin,password:123456
[2022-06-02T16:16:01.357] [DEBUG] cheese - admin
[2022-06-02T16:16:01.361] [DEBUG] cheese - null
[2022-06-02T16:16:01.361] [DEBUG] cheese - null
[2022-06-02T16:17:19.779] [DEBUG] cheese - login => username:admin,password:123456
[2022-06-02T16:17:19.781] [DEBUG] cheese - admin
[2022-06-02T16:17:19.790] [DEBUG] cheese - null
[2022-06-02T16:17:19.791] [DEBUG] cheese - null
[2022-06-02T16:22:01.295] [DEBUG] cheese - login => username:admin,password:123456
[2022-06-02T16:22:01.295] [DEBUG] cheese - admin
[2022-06-02T16:22:01.299] [DEBUG] cheese - null
[2022-06-02T16:22:01.299] [DEBUG] cheese - null
[2022-06-02T19:09:32.829] [DEBUG] cheese - login => username:admin,password:123456
[2022-06-02T19:09:32.830] [DEBUG] cheese - admin
[2022-06-02T19:09:32.839] [DEBUG] cheese - null
[2022-06-02T19:09:32.840] [DEBUG] cheese - null
[2022-06-02T21:45:22.034] [DEBUG] cheese - login => username:admin,password:123456
[2022-06-02T21:45:22.036] [DEBUG] cheese - admin
[2022-06-02T21:45:22.041] [DEBUG] cheese - null
[2022-06-02T21:45:22.041] [DEBUG] cheese - null
[2022-06-02T22:01:26.865] [DEBUG] cheese - login => username:admin,password:123456
[2022-06-02T22:01:26.869] [DEBUG] cheese - admin
[2022-06-02T22:01:26.897] [DEBUG] cheese - null
[2022-06-02T22:01:26.898] [DEBUG] cheese - null
[2022-06-02T22:02:05.922] [DEBUG] cheese - login => username:admin1,password:123456
[2022-06-02T22:02:05.923] [DEBUG] cheese - admin1
[2022-06-02T22:02:05.927] [DEBUG] cheese - null
[2022-06-02T22:02:05.928] [DEBUG] cheese - null
[2022-06-02T22:02:18.029] [DEBUG] cheese - login => username:yeyuant,password:2295728520
[2022-06-02T22:02:18.030] [DEBUG] cheese - yeyuant
[2022-06-02T22:02:18.038] [DEBUG] cheese - null
[2022-06-02T22:02:18.039] [DEBUG] cheese - null
[2022-06-02T22:02:21.199] [DEBUG] cheese - login => username:yeyuant,password:2295728520
[2022-06-02T22:02:21.199] [DEBUG] cheese - yeyuant
[2022-06-02T22:02:21.206] [DEBUG] cheese - null
[2022-06-02T22:02:21.206] [DEBUG] cheese - null
[2022-06-02T22:02:30.200] [DEBUG] cheese - login => username:admin,password:123456
[2022-06-02T22:02:30.200] [DEBUG] cheese - admin
[2022-06-02T22:02:30.208] [DEBUG] cheese - null
[2022-06-02T22:02:30.208] [DEBUG] cheese - null
[2022-06-02T22:03:10.493] [DEBUG] cheese - login => username:yeyuant,password:2295728520
[2022-06-02T22:03:10.494] [DEBUG] cheese - yeyuant
[2022-06-02T22:03:10.499] [DEBUG] cheese - null
[2022-06-02T22:03:10.499] [DEBUG] cheese - null
[2022-06-02T22:03:14.857] [DEBUG] cheese - login => username:admin,password:123456
[2022-06-02T22:03:14.858] [DEBUG] cheese - admin
[2022-06-02T22:03:14.865] [DEBUG] cheese - null
[2022-06-02T22:03:14.865] [DEBUG] cheese - null
[2022-06-03T13:55:13.228] [DEBUG] cheese - login => username:admin,password:123456
[2022-06-03T13:55:13.229] [DEBUG] cheese - admin
[2022-06-03T13:55:13.245] [DEBUG] cheese - null
[2022-06-03T13:55:13.246] [DEBUG] cheese - null
[2022-06-04T13:33:58.152] [DEBUG] cheese - login => username:admin,password:123456
[2022-06-04T13:33:58.154] [DEBUG] cheese - admin
[2022-06-04T13:33:58.172] [DEBUG] cheese - null
[2022-06-04T13:33:58.173] [DEBUG] cheese - null
[2022-06-04T13:36:14.053] [DEBUG] cheese - login => username:admin,password:123456
[2022-06-04T13:36:14.053] [DEBUG] cheese - admin
[2022-06-04T13:36:14.055] [DEBUG] cheese - null
[2022-06-04T13:36:14.056] [DEBUG] cheese - null
[2022-06-04T14:41:30.562] [DEBUG] cheese - login => username:admin,password:123456
[2022-06-04T14:41:30.562] [DEBUG] cheese - admin
[2022-06-04T14:41:30.565] [DEBUG] cheese - null
[2022-06-04T14:41:30.565] [DEBUG] cheese - null
[2022-06-04T17:49:51.690] [DEBUG] cheese - login => username:admin,password:123456
[2022-06-04T17:49:51.690] [DEBUG] cheese - admin
[2022-06-04T17:49:51.698] [DEBUG] cheese - null
[2022-06-04T17:49:51.699] [DEBUG] cheese - null
[2022-06-04T19:15:28.289] [DEBUG] cheese - login => username:admin,password:123456
[2022-06-04T19:15:28.290] [DEBUG] cheese - admin
[2022-06-04T19:15:28.292] [DEBUG] cheese - null
[2022-06-04T19:15:28.292] [DEBUG] cheese - null
[2022-06-04T19:25:05.256] [DEBUG] cheese - login => username:admin,password:123456
[2022-06-04T19:25:05.257] [DEBUG] cheese - admin
[2022-06-04T19:25:05.274] [DEBUG] cheese - null
[2022-06-04T19:25:05.277] [DEBUG] cheese - null
[2022-06-04T21:16:26.533] [DEBUG] cheese - null
[2022-06-04T21:20:32.502] [DEBUG] cheese - null
[2022-06-04T21:24:54.244] [DEBUG] cheese - null
[2022-06-04T21:24:59.616] [DEBUG] cheese - null
[2022-06-04T21:25:08.018] [DEBUG] cheese - null
[2022-06-05T16:18:50.463] [DEBUG] cheese - login => username:admin,password:123456
[2022-06-05T16:18:50.464] [DEBUG] cheese - admin
[2022-06-05T16:18:50.482] [DEBUG] cheese - null
[2022-06-05T16:18:50.482] [DEBUG] cheese - null
[2022-06-05T22:26:10.136] [DEBUG] cheese - login => username:admin,password:123456
[2022-06-05T22:26:10.137] [DEBUG] cheese - admin
[2022-06-05T22:26:10.160] [DEBUG] cheese - null
[2022-06-05T22:26:10.163] [DEBUG] cheese - null
[2022-06-06T14:31:45.610] [DEBUG] cheese - login => username:admin,password:123456
[2022-06-06T14:31:45.611] [DEBUG] cheese - admin
[2022-06-06T14:31:45.623] [DEBUG] cheese - null
[2022-06-06T14:31:45.624] [DEBUG] cheese - null
[2022-06-06T20:16:51.283] [DEBUG] cheese - null
[2022-06-07T11:58:48.659] [DEBUG] cheese - login => username:admin,password:123456
[2022-06-07T11:58:48.660] [DEBUG] cheese - admin
[2022-06-07T11:58:48.674] [DEBUG] cheese - null
[2022-06-07T11:58:48.675] [DEBUG] cheese - null
[2022-06-07T17:09:38.291] [DEBUG] cheese - login => username:admin,password:123456
[2022-06-07T17:09:38.293] [DEBUG] cheese - admin
[2022-06-07T17:09:38.298] [DEBUG] cheese - null
[2022-06-07T17:09:38.299] [DEBUG] cheese - null
[2022-06-08T10:33:39.025] [DEBUG] cheese - login => username:admin,password:123456
[2022-06-08T10:33:39.027] [DEBUG] cheese - admin
[2022-06-08T10:33:39.058] [DEBUG] cheese - null
[2022-06-08T10:33:39.059] [DEBUG] cheese - null
[2022-06-08T11:03:53.779] [DEBUG] cheese - login => username:admin,password:123456
[2022-06-08T11:03:53.782] [DEBUG] cheese - admin
[2022-06-08T11:03:53.792] [DEBUG] cheese - null
[2022-06-08T11:03:53.793] [DEBUG] cheese - null
[2022-06-08T13:25:56.317] [DEBUG] cheese - login => username:admin,password:123456
[2022-06-08T13:25:56.322] [DEBUG] cheese - admin
[2022-06-08T13:25:56.356] [DEBUG] cheese - null
[2022-06-08T13:25:56.357] [DEBUG] cheese - null
[2022-06-08T16:03:31.483] [DEBUG] cheese - login => username:admin,password:123456
[2022-06-08T16:03:31.485] [DEBUG] cheese - admin
[2022-06-08T16:03:31.490] [DEBUG] cheese - null
[2022-06-08T16:03:31.491] [DEBUG] cheese - null
[2022-06-08T20:17:51.795] [DEBUG] cheese - login => username:admin,password:123456
[2022-06-08T20:17:51.797] [DEBUG] cheese - admin
[2022-06-08T20:17:51.821] [DEBUG] cheese - null
[2022-06-08T20:17:51.821] [DEBUG] cheese - null
[2022-06-09T08:22:25.863] [DEBUG] cheese - login => username:admin,password:123456
[2022-06-09T08:22:25.866] [DEBUG] cheese - admin
[2022-06-09T08:22:25.901] [DEBUG] cheese - null
[2022-06-09T08:22:25.902] [DEBUG] cheese - null
[2022-06-09T09:03:32.526] [DEBUG] cheese - login => username:admin,password:123456
[2022-06-09T09:03:32.529] [DEBUG] cheese - admin
[2022-06-09T09:03:32.537] [DEBUG] cheese - null
[2022-06-09T09:03:32.538] [DEBUG] cheese - null
[2022-06-09T14:05:40.011] [DEBUG] cheese - login => username:admin,password:123456
[2022-06-09T14:05:40.014] [DEBUG] cheese - admin
[2022-06-09T14:05:40.038] [DEBUG] cheese - null
[2022-06-09T14:05:40.038] [DEBUG] cheese - null
[2022-06-09T14:57:00.112] [DEBUG] cheese - login => username:admin,password:123456
[2022-06-09T14:57:00.115] [DEBUG] cheese - admin
[2022-06-09T14:57:00.127] [DEBUG] cheese - null
[2022-06-09T14:57:00.130] [DEBUG] cheese - null
[2022-06-09T16:04:09.912] [DEBUG] cheese - login => username:admin,password:123456
[2022-06-09T16:04:09.915] [DEBUG] cheese - admin
[2022-06-09T16:04:09.944] [DEBUG] cheese - null
[2022-06-09T16:04:09.946] [DEBUG] cheese - null
[2022-06-09T16:20:33.328] [DEBUG] cheese - null
[2022-06-09T16:22:10.486] [DEBUG] cheese - null
[2022-06-09T16:22:15.129] [DEBUG] cheese - null
[2022-06-09T16:22:55.351] [DEBUG] cheese - null
[2022-06-09T16:22:56.311] [DEBUG] cheese - null
[2022-06-09T16:22:56.670] [DEBUG] cheese - null
[2022-06-09T16:22:56.853] [DEBUG] cheese - null
[2022-06-09T16:22:57.028] [DEBUG] cheese - null
[2022-06-09T16:22:57.198] [DEBUG] cheese - null
[2022-06-09T16:22:57.352] [DEBUG] cheese - null
[2022-06-09T16:22:57.531] [DEBUG] cheese - null
[2022-06-09T16:22:57.692] [DEBUG] cheese - null
[2022-06-09T16:22:57.861] [DEBUG] cheese - null
[2022-06-09T16:22:58.015] [DEBUG] cheese - null
[2022-06-09T16:22:58.177] [DEBUG] cheese - null
[2022-06-09T16:22:58.324] [DEBUG] cheese - null
[2022-06-09T16:22:58.481] [DEBUG] cheese - null
[2022-06-09T16:22:58.614] [DEBUG] cheese - null
[2022-06-09T16:22:58.786] [DEBUG] cheese - null
[2022-06-09T16:22:58.954] [DEBUG] cheese - null
[2022-06-09T16:22:59.139] [DEBUG] cheese - null
[2022-06-09T16:22:59.306] [DEBUG] cheese - null
[2022-06-09T16:22:59.488] [DEBUG] cheese - null
[2022-06-09T16:22:59.662] [DEBUG] cheese - null
[2022-06-09T16:22:59.831] [DEBUG] cheese - null
[2022-06-09T16:22:59.995] [DEBUG] cheese - null
[2022-06-09T16:23:00.181] [DEBUG] cheese - null
[2022-06-09T16:23:00.327] [DEBUG] cheese - null
[2022-06-09T16:23:00.565] [DEBUG] cheese - null
[2022-06-09T16:23:06.171] [DEBUG] cheese - null
[2022-06-09T16:23:59.899] [DEBUG] cheese - null
[2022-06-09T18:17:26.431] [DEBUG] cheese - null
[2022-06-09T18:17:27.666] [DEBUG] cheese - null
[2022-06-09T18:17:39.199] [DEBUG] cheese - null
[2022-06-09T18:17:51.682] [DEBUG] cheese - null
[2022-06-09T18:18:08.920] [DEBUG] cheese - null
[2022-06-09T18:24:38.309] [DEBUG] cheese - null
[2022-06-09T18:25:02.105] [DEBUG] cheese - null
[2022-06-09T18:29:17.932] [DEBUG] cheese - null
[2022-06-09T22:06:00.479] [DEBUG] cheese - login => username:admin,password:123456
[2022-06-09T22:06:00.480] [DEBUG] cheese - admin
[2022-06-09T22:06:00.485] [DEBUG] cheese - null
[2022-06-09T22:06:00.486] [DEBUG] cheese - null
[2022-06-09T22:18:30.191] [DEBUG] cheese - login => username:admin,password:123456
[2022-06-09T22:18:30.191] [DEBUG] cheese - admin
[2022-06-09T22:18:30.194] [DEBUG] cheese - null
[2022-06-09T22:18:30.194] [DEBUG] cheese - null
[2022-06-10T13:20:35.195] [DEBUG] cheese - login => username:admin,password:123456
[2022-06-10T13:20:35.198] [DEBUG] cheese - admin
[2022-06-10T13:20:35.258] [DEBUG] cheese - null
[2022-06-10T13:20:35.259] [DEBUG] cheese - null
[2022-06-10T13:26:20.512] [DEBUG] cheese - login => username:admin,password:123456
[2022-06-10T13:26:20.517] [DEBUG] cheese - admin
[2022-06-10T13:26:20.529] [DEBUG] cheese - null
[2022-06-10T13:26:20.530] [DEBUG] cheese - null
[2022-06-10T13:27:51.967] [DEBUG] cheese - login => username:admin,password:123456
[2022-06-10T13:27:51.971] [DEBUG] cheese - admin
[2022-06-10T13:27:51.976] [DEBUG] cheese - null
[2022-06-10T13:27:51.977] [DEBUG] cheese - null
[2022-06-10T13:36:23.336] [DEBUG] cheese - login => username:admin,password:123456
[2022-06-10T13:36:23.339] [DEBUG] cheese - admin
[2022-06-10T13:36:23.350] [DEBUG] cheese - null
[2022-06-10T13:36:23.352] [DEBUG] cheese - null
[2022-06-10T13:56:23.598] [DEBUG] cheese - login => username:admin,password:123456
[2022-06-10T13:56:23.599] [DEBUG] cheese - admin
[2022-06-10T13:56:23.607] [DEBUG] cheese - null
[2022-06-10T13:56:23.608] [DEBUG] cheese - null
[2022-06-10T14:08:47.535] [DEBUG] cheese - login => username:admin,password:123456
[2022-06-10T14:08:47.536] [DEBUG] cheese - admin
[2022-06-10T14:08:47.539] [DEBUG] cheese - null
[2022-06-10T14:08:47.539] [DEBUG] cheese - null
[2022-06-10T14:11:58.975] [DEBUG] cheese - login => username:admin,password:123456
[2022-06-10T14:11:58.976] [DEBUG] cheese - admin
[2022-06-10T14:11:58.980] [DEBUG] cheese - null
[2022-06-10T14:11:58.980] [DEBUG] cheese - null
[2022-06-10T14:31:42.365] [DEBUG] cheese - login => username:admin,password:123456
[2022-06-10T14:31:42.366] [DEBUG] cheese - admin
[2022-06-10T14:31:42.374] [DEBUG] cheese - null
[2022-06-10T14:31:42.375] [DEBUG] cheese - null
[2022-06-10T14:35:52.675] [DEBUG] cheese - login => username:admin,password:123456
[2022-06-10T14:35:52.676] [DEBUG] cheese - admin
[2022-06-10T14:35:52.678] [DEBUG] cheese - null
[2022-06-10T14:35:52.678] [DEBUG] cheese - null
[2022-06-10T14:59:12.698] [DEBUG] cheese - login => username:admin,password:123456
[2022-06-10T14:59:12.699] [DEBUG] cheese - admin
[2022-06-10T14:59:12.702] [DEBUG] cheese - null
[2022-06-10T14:59:12.702] [DEBUG] cheese - null
[2022-06-10T15:06:58.195] [DEBUG] cheese - login => username:admin,password:123456
[2022-06-10T15:06:58.195] [DEBUG] cheese - admin
[2022-06-10T15:06:58.202] [DEBUG] cheese - null
[2022-06-10T15:06:58.203] [DEBUG] cheese - null
[2022-06-10T15:07:38.370] [DEBUG] cheese - null
[2022-06-10T15:24:41.264] [DEBUG] cheese - login => username:admin,password:123456
[2022-06-10T15:24:41.265] [DEBUG] cheese - admin
[2022-06-10T15:24:41.279] [DEBUG] cheese - null
[2022-06-10T15:24:41.280] [DEBUG] cheese - null
[2022-06-10T15:26:04.231] [DEBUG] cheese - login => username:admin,password:123456
[2022-06-10T15:26:04.232] [DEBUG] cheese - admin
[2022-06-10T15:26:04.236] [DEBUG] cheese - null
[2022-06-10T15:26:04.236] [DEBUG] cheese - null
[2022-06-10T15:54:54.551] [DEBUG] cheese - login => username:admin,password:123456
[2022-06-10T15:54:54.551] [DEBUG] cheese - admin
[2022-06-10T15:54:54.553] [DEBUG] cheese - null
[2022-06-10T15:54:54.553] [DEBUG] cheese - null
[2022-06-10T16:09:46.405] [DEBUG] cheese - login => username:admin,password:123456
[2022-06-10T16:09:46.405] [DEBUG] cheese - admin
[2022-06-10T16:09:46.406] [DEBUG] cheese - null
[2022-06-10T16:09:46.407] [DEBUG] cheese - null
[2022-06-10T16:25:11.541] [DEBUG] cheese - login => username:admin,password:123456
[2022-06-10T16:25:11.541] [DEBUG] cheese - admin
[2022-06-10T16:25:11.544] [DEBUG] cheese - null
[2022-06-10T16:25:11.544] [DEBUG] cheese - null
[2022-06-10T16:28:21.197] [DEBUG] cheese - login => username:admin,password:123456
[2022-06-10T16:28:21.198] [DEBUG] cheese - admin
[2022-06-10T16:28:21.211] [DEBUG] cheese - null
[2022-06-10T16:28:21.211] [DEBUG] cheese - null
[2022-06-10T16:32:52.511] [DEBUG] cheese - login => username:admin,password:123456
[2022-06-10T16:32:52.511] [DEBUG] cheese - admin
[2022-06-10T16:32:52.516] [DEBUG] cheese - null
[2022-06-10T16:32:52.516] [DEBUG] cheese - null
[2022-06-10T16:35:32.425] [DEBUG] cheese - login => username:adminw,password:123456
[2022-06-10T16:35:32.425] [DEBUG] cheese - adminw
[2022-06-10T16:35:32.428] [DEBUG] cheese - null
[2022-06-10T16:35:32.429] [DEBUG] cheese - null
[2022-06-10T16:35:35.762] [DEBUG] cheese - login => username:admin,password:123456
[2022-06-10T16:35:35.763] [DEBUG] cheese - admin
[2022-06-10T16:35:35.764] [DEBUG] cheese - null
[2022-06-10T16:35:35.765] [DEBUG] cheese - null
[2022-06-10T16:42:54.253] [DEBUG] cheese - login => username:admin,password:123456
[2022-06-10T16:42:54.253] [DEBUG] cheese - admin
[2022-06-10T16:42:54.256] [DEBUG] cheese - null
[2022-06-10T16:42:54.256] [DEBUG] cheese - null
[2022-06-10T17:22:34.879] [DEBUG] cheese - login => username:admin,password:123456
[2022-06-10T17:22:34.880] [DEBUG] cheese - admin
[2022-06-10T17:22:34.897] [DEBUG] cheese - null
[2022-06-10T17:22:34.897] [DEBUG] cheese - null
